c:\slabaugh\teaching\ay2015-16\inm376\template\template\opengltemplate\release\vc140.pdb
c:\slabaugh\teaching\ay2016-17\inm376\template\template\opengltemplate\release\vc140.pdb
d:\university\in3005 computer graphics\latest\template\opengltemplate\release\vc140.pdb
d:\university\in3005 computer graphics\latest\template\opengltemplate\release\sphere.obj
d:\university\in3005 computer graphics\latest\template\opengltemplate\release\speedup.obj
d:\university\in3005 computer graphics\latest\template\opengltemplate\release\skybox.obj
d:\university\in3005 computer graphics\latest\template\opengltemplate\release\shipnpc.obj
d:\university\in3005 computer graphics\latest\template\opengltemplate\release\shaders.obj
d:\university\in3005 computer graphics\latest\template\opengltemplate\release\player.obj
d:\university\in3005 computer graphics\latest\template\opengltemplate\release\plane.obj
d:\university\in3005 computer graphics\latest\template\opengltemplate\release\pathnpc.obj
d:\university\in3005 computer graphics\latest\template\opengltemplate\release\pathlight.obj
d:\university\in3005 computer graphics\latest\template\opengltemplate\release\openassetimportmesh.obj
d:\university\in3005 computer graphics\latest\template\opengltemplate\release\matrixstack.obj
d:\university\in3005 computer graphics\latest\template\opengltemplate\release\highresolutiontimer.obj
d:\university\in3005 computer graphics\latest\template\opengltemplate\release\gamewindow.obj
d:\university\in3005 computer graphics\latest\template\opengltemplate\release\game.obj
d:\university\in3005 computer graphics\latest\template\opengltemplate\release\freetypefont.obj
d:\university\in3005 computer graphics\latest\template\opengltemplate\release\cubemap.obj
d:\university\in3005 computer graphics\latest\template\opengltemplate\release\cube.obj
d:\university\in3005 computer graphics\latest\template\opengltemplate\release\catmullrom.obj
d:\university\in3005 computer graphics\latest\template\opengltemplate\release\camera.obj
d:\university\in3005 computer graphics\latest\template\opengltemplate\release\audio.obj
d:\university\in3005 computer graphics\latest\template\opengltemplate\release\vertexbufferobjectindexed.obj
d:\university\in3005 computer graphics\latest\template\opengltemplate\release\vertexbufferobject.obj
d:\university\in3005 computer graphics\latest\template\opengltemplate\release\timer.obj
d:\university\in3005 computer graphics\latest\template\opengltemplate\release\time.obj
d:\university\in3005 computer graphics\latest\template\opengltemplate\release\texture.obj
d:\university\in3005 computer graphics\latest\template\opengltemplate\release\staticmesh.obj
d:\university\in3005 computer graphics\latest\template\opengltemplate\release\spotlight.obj
c:\slabaugh\teaching\ay2015-16\inm376\template\template\release\opengltemplate.exe
c:\slabaugh\teaching\ay2015-16\inm376\template\template\release\opengltemplate.ipdb
c:\slabaugh\teaching\ay2015-16\inm376\template\template\release\opengltemplate.iobj
c:\slabaugh\teaching\ay2015-16\inm376\template\template\release\opengltemplate.pdb
c:\slabaugh\teaching\ay2016-17\inm376\template\template\release\opengltemplate.exe
c:\slabaugh\teaching\ay2016-17\inm376\template\template\release\opengltemplate.ipdb
c:\slabaugh\teaching\ay2016-17\inm376\template\template\release\opengltemplate.iobj
c:\slabaugh\teaching\ay2016-17\inm376\template\template\release\opengltemplate.pdb
d:\university\in3005 computer graphics\latest\template\release\opengltemplate.exe
d:\university\in3005 computer graphics\latest\template\release\opengltemplate.ipdb
d:\university\in3005 computer graphics\latest\template\release\opengltemplate.iobj
d:\university\in3005 computer graphics\latest\template\release\opengltemplate.pdb
d:\university\in3005 computer graphics\test\source\opengltemplate\release\audio.obj
d:\university\in3005 computer graphics\test\source\opengltemplate\release\camera.obj
d:\university\in3005 computer graphics\test\source\opengltemplate\release\catmullrom.obj
d:\university\in3005 computer graphics\test\source\opengltemplate\release\cube.obj
d:\university\in3005 computer graphics\test\source\opengltemplate\release\cubemap.obj
d:\university\in3005 computer graphics\test\source\opengltemplate\release\freetypefont.obj
d:\university\in3005 computer graphics\test\source\opengltemplate\release\game.obj
d:\university\in3005 computer graphics\test\source\opengltemplate\release\gamewindow.obj
d:\university\in3005 computer graphics\test\source\opengltemplate\release\highresolutiontimer.obj
d:\university\in3005 computer graphics\test\source\opengltemplate\release\matrixstack.obj
d:\university\in3005 computer graphics\test\source\opengltemplate\release\openassetimportmesh.obj
d:\university\in3005 computer graphics\test\source\opengltemplate\release\pathlight.obj
d:\university\in3005 computer graphics\test\source\opengltemplate\release\pathnpc.obj
d:\university\in3005 computer graphics\test\source\opengltemplate\release\plane.obj
d:\university\in3005 computer graphics\test\source\opengltemplate\release\player.obj
d:\university\in3005 computer graphics\test\source\opengltemplate\release\shaders.obj
d:\university\in3005 computer graphics\test\source\opengltemplate\release\shipnpc.obj
d:\university\in3005 computer graphics\test\source\opengltemplate\release\skybox.obj
d:\university\in3005 computer graphics\test\source\opengltemplate\release\speedup.obj
d:\university\in3005 computer graphics\test\source\opengltemplate\release\sphere.obj
d:\university\in3005 computer graphics\test\source\opengltemplate\release\spotlight.obj
d:\university\in3005 computer graphics\test\source\opengltemplate\release\staticmesh.obj
d:\university\in3005 computer graphics\test\source\opengltemplate\release\texture.obj
d:\university\in3005 computer graphics\test\source\opengltemplate\release\time.obj
d:\university\in3005 computer graphics\test\source\opengltemplate\release\timer.obj
d:\university\in3005 computer graphics\test\source\opengltemplate\release\vertexbufferobject.obj
d:\university\in3005 computer graphics\test\source\opengltemplate\release\vertexbufferobjectindexed.obj
d:\university\in3005 computer graphics\test\source\opengltemplate\release\vc140.pdb
d:\university\in3005 computer graphics\test\source\release\opengltemplate.pdb
d:\university\in3005 computer graphics\test\source\release\opengltemplate.exe
d:\university\in3005 computer graphics\test\source\opengltemplate\release\opengltemplate.tlog\cl.command.1.tlog
d:\university\in3005 computer graphics\test\source\opengltemplate\release\opengltemplate.tlog\cl.read.1.tlog
d:\university\in3005 computer graphics\test\source\opengltemplate\release\opengltemplate.tlog\cl.write.1.tlog
d:\university\in3005 computer graphics\test\source\opengltemplate\release\opengltemplate.tlog\link.command.1.tlog
d:\university\in3005 computer graphics\test\source\opengltemplate\release\opengltemplate.tlog\link.read.1.tlog
d:\university\in3005 computer graphics\test\source\opengltemplate\release\opengltemplate.tlog\link.write.1.tlog
