d:\university\in3005 computer graphics\latest\template\opengltemplate\debug\vc140.pdb
d:\university\in3005 computer graphics\latest\template\opengltemplate\debug\vc140.idb
d:\university\in3005 computer graphics\latest\template\opengltemplate\debug\heightmapterrain.obj
d:\university\in3005 computer graphics\latest\template\opengltemplate\debug\highresolutiontimer.obj
d:\university\in3005 computer graphics\latest\template\opengltemplate\debug\matrixstack.obj
d:\university\in3005 computer graphics\latest\template\opengltemplate\debug\openassetimportmesh.obj
d:\university\in3005 computer graphics\latest\template\opengltemplate\debug\pathlight.obj
d:\university\in3005 computer graphics\latest\template\opengltemplate\debug\pathnpc.obj
d:\university\in3005 computer graphics\latest\template\opengltemplate\debug\plane.obj
d:\university\in3005 computer graphics\latest\template\opengltemplate\debug\player.obj
d:\university\in3005 computer graphics\latest\template\opengltemplate\debug\shaders.obj
d:\university\in3005 computer graphics\latest\template\opengltemplate\debug\shipnpc.obj
d:\university\in3005 computer graphics\latest\template\opengltemplate\debug\skybox.obj
d:\university\in3005 computer graphics\latest\template\opengltemplate\debug\speedup.obj
d:\university\in3005 computer graphics\latest\template\opengltemplate\debug\sphere.obj
d:\university\in3005 computer graphics\latest\template\opengltemplate\debug\spotlight.obj
d:\university\in3005 computer graphics\latest\template\opengltemplate\debug\staticmesh.obj
d:\university\in3005 computer graphics\latest\template\opengltemplate\debug\texture.obj
d:\university\in3005 computer graphics\latest\template\opengltemplate\debug\time.obj
d:\university\in3005 computer graphics\latest\template\opengltemplate\debug\timer.obj
d:\university\in3005 computer graphics\latest\template\opengltemplate\debug\vertexbufferobject.obj
d:\university\in3005 computer graphics\latest\template\opengltemplate\debug\vertexbufferobjectindexed.obj
d:\university\in3005 computer graphics\latest\template\opengltemplate\debug\audio.obj
d:\university\in3005 computer graphics\latest\template\opengltemplate\debug\camera.obj
d:\university\in3005 computer graphics\latest\template\opengltemplate\debug\catmullrom.obj
d:\university\in3005 computer graphics\latest\template\opengltemplate\debug\cube.obj
d:\university\in3005 computer graphics\latest\template\opengltemplate\debug\cubemap.obj
d:\university\in3005 computer graphics\latest\template\opengltemplate\debug\facevertexmesh.obj
d:\university\in3005 computer graphics\latest\template\opengltemplate\debug\freetypefont.obj
d:\university\in3005 computer graphics\latest\template\opengltemplate\debug\game.obj
d:\university\in3005 computer graphics\latest\template\opengltemplate\debug\gamewindow.obj
d:\university\in3005 computer graphics\latest\template\debug\opengltemplate.exe
d:\university\in3005 computer graphics\latest\template\debug\opengltemplate.pdb
d:\university\in3005 computer graphics\latest\template\opengltemplate\debug\opengltemplate.tlog\cl.command.1.tlog
d:\university\in3005 computer graphics\latest\template\opengltemplate\debug\opengltemplate.tlog\cl.read.1.tlog
d:\university\in3005 computer graphics\latest\template\opengltemplate\debug\opengltemplate.tlog\cl.write.1.tlog
d:\university\in3005 computer graphics\latest\template\opengltemplate\debug\opengltemplate.tlog\link.command.1.tlog
d:\university\in3005 computer graphics\latest\template\opengltemplate\debug\opengltemplate.tlog\link.read.1.tlog
d:\university\in3005 computer graphics\latest\template\opengltemplate\debug\opengltemplate.tlog\link.write.1.tlog
